
> coach-entrevistas@0.1.0 dev
> next dev --turbopack

 ⚠ Port 3000 is in use, using available port 3002 instead.
   ▲ Next.js 15.3.2 (Turbopack)
   - Local:        http://localhost:3002
   - Network:      http://192.168.1.39:3002
   - Environments: .env.local, .env

 ✓ Starting...
 ✓ Ready in 1508ms
 ○ Compiling / ...
 ✓ Compiled / in 2.6s
 ⨯ Error: useLanguage must be used within LanguageProvider
    at useLanguage (context\LanguageContext.tsx:50:10)
    at HomePage (app\page.tsx:9:33)
  48 |   const context = useContext(LanguageContext);
  49 |   if (!context) {
> 50 |     throw new Error("useLanguage must be used within LanguageProvider");
     |          ^
  51 |   }
  52 |   return context;
  53 | } {
  digest: '3527705155'
}
 GET / 500 in 3171ms
 ⨯ Error: useLanguage must be used within LanguageProvider
    at useLanguage (context\LanguageContext.tsx:50:10)
    at HomePage (app\page.tsx:9:33)
  48 |   const context = useContext(LanguageContext);
  49 |   if (!context) {
> 50 |     throw new Error("useLanguage must be used within LanguageProvider");
     |          ^
  51 |   }
  52 |   return context;
  53 | } {
  digest: '3527705155'
}
 GET / 500 in 200ms
 ✓ Compiled in 204ms
 ✓ Compiled in 199ms
